
> web@0.0.1 build /Users/ganxing/Desktop/项目/个人项目/学习项目/Turborepo/apps/web
> next build

   Linting and checking validity of types ...
   ▲ Next.js 14.0.2

   Creating an optimized production build ...
 ✓ Compiled successfully
   Collecting page data ...
   Generating static pages (0/12) ...
   Generating static pages (3/12) 
   Generating static pages (6/12) 
   Generating static pages (9/12) 
 ✓ Generating static pages (12/12) 
   Finalizing page optimization ...
   Collecting build traces ...

Route (pages)                              Size     First Load JS
┌ ○ /                                      2.15 kB        88.8 kB
├   /_app                                  0 B            82.8 kB
├ ○ /404                                   2.27 kB        88.9 kB
├   └ css/a7eb2bedc5d24041.css             1.34 kB
├ ○ /about                                 2.15 kB        88.8 kB
├ ○ /account                               2.15 kB        88.8 kB
├ λ /api/commits/[slug]                    0 B            82.8 kB
├ λ /api/hello                             0 B            82.8 kB
├ ○ /insights                              2.16 kB        88.8 kB
├ ○ /interview                             2.15 kB        88.8 kB
├ ○ /path                                  2.66 kB        89.3 kB
├   └ css/d66ed7c5e2628705.css             1.69 kB
├ λ /path/[slug]                           3.15 kB        89.8 kB
├   └ css/127ee838498c2bc4.css             1.91 kB
├ ○ /projects                              2.16 kB        88.8 kB
├ ○ /resources                             2.16 kB        88.8 kB
├ ○ /sign-in                               65.3 kB         166 kB
└ ○ /sign-up                               215 kB          316 kB
    └ css/3ccc5667ebab64d3.css             1.27 kB
+ First Load JS shared by all              83.4 kB
  ├ chunks/framework-6618fcfaf8cc4c2e.js   45.2 kB
  ├ chunks/main-5f709ab27de53ff2.js        36.3 kB
  ├ chunks/pages/_app-73d32d6f7c4647dc.js  298 B
  ├ chunks/webpack-c4acd79e87956a0e.js     943 B
  └ css/afda52bb58e8ecbd.css               556 B

○  (Static)   prerendered as static content
λ  (Dynamic)  server-rendered on demand using Node.js

